::1 - - [14/Apr/2024:07:48:15 +0300] "GET /favicon.ico HTTP/1.1" 404 196
::1 - - [14/Apr/2024:08:12:04 +0300] "GET / HTTP/1.1" 200 3479
::1 - - [14/Apr/2024:08:12:04 +0300] "GET /style.css HTTP/1.1" 200 1516
::1 - - [14/Apr/2024:08:12:04 +0300] "GET /script.js HTTP/1.1" 200 717
::1 - - [14/Apr/2024:08:12:04 +0300] "GET /backgrounds/main.jpg HTTP/1.1" 200 936494
::1 - - [14/Apr/2024:08:12:04 +0300] "GET /favicon.ico HTTP/1.1" 404 196
::1 - - [14/Apr/2024:08:12:07 +0300] "GET /fonts/Montekky_Font4You.ttf HTTP/1.1" 200 49944
::1 - - [14/Apr/2024:08:14:03 +0300] "GET / HTTP/1.1" 200 3479
::1 - - [14/Apr/2024:08:14:03 +0300] "GET /script.js HTTP/1.1" 304 -
::1 - - [14/Apr/2024:08:17:06 +0300] "GET / HTTP/1.1" 200 3479
::1 - - [14/Apr/2024:08:17:06 +0300] "GET /script.js HTTP/1.1" 200 1003
::1 - - [14/Apr/2024:08:17:55 +0300] "GET / HTTP/1.1" 200 3509
::1 - - [14/Apr/2024:08:17:55 +0300] "GET /script.js HTTP/1.1" 304 -
::1 - - [14/Apr/2024:08:21:47 +0300] "GET / HTTP/1.1" 200 3375
::1 - - [14/Apr/2024:08:21:47 +0300] "GET /script.js HTTP/1.1" 200 1034
::1 - - [14/Apr/2024:08:22:47 +0300] "GET / HTTP/1.1" 200 3375
::1 - - [14/Apr/2024:08:22:47 +0300] "GET /script.js HTTP/1.1" 200 1045
::1 - - [14/Apr/2024:08:25:46 +0300] "GET / HTTP/1.1" 200 3375
::1 - - [14/Apr/2024:08:25:46 +0300] "GET /style.css HTTP/1.1" 200 1571
::1 - - [14/Apr/2024:08:25:46 +0300] "GET /script.js HTTP/1.1" 200 1045
::1 - - [14/Apr/2024:08:25:46 +0300] "GET /backgrounds/main.jpg HTTP/1.1" 200 936494
::1 - - [14/Apr/2024:08:25:46 +0300] "GET /favicon.ico HTTP/1.1" 404 196
::1 - - [14/Apr/2024:08:25:49 +0300] "GET /fonts/Montekky_Font4You.ttf HTTP/1.1" 200 49944
::1 - - [14/Apr/2024:08:27:29 +0300] "GET / HTTP/1.1" 200 3375
::1 - - [14/Apr/2024:08:27:29 +0300] "GET /style.css HTTP/1.1" 200 1645
::1 - - [14/Apr/2024:08:27:29 +0300] "GET /script.js HTTP/1.1" 304 -
::1 - - [14/Apr/2024:08:27:38 +0300] "GET /fonts/Eskal_Font4You.ttf HTTP/1.1" 200 49572
::1 - - [14/Apr/2024:08:27:40 +0300] "GET /fonts/Lorenco_Font4You.ttf HTTP/1.1" 200 50872
::1 - - [14/Apr/2024:08:30:00 +0300] "GET / HTTP/1.1" 200 3505
::1 - - [14/Apr/2024:08:30:00 +0300] "GET /style.css HTTP/1.1" 200 1863
::1 - - [14/Apr/2024:08:30:00 +0300] "GET /script.js HTTP/1.1" 304 -
::1 - - [14/Apr/2024:08:30:04 +0300] "GET /fonts/Abram_Font4You.ttf HTTP/1.1" 200 42208
::1 - - [14/Apr/2024:08:30:06 +0300] "GET /fonts/Benvolio_Font4You.ttf HTTP/1.1" 200 48240
::1 - - [14/Apr/2024:08:30:24 +0300] "GET /style.css HTTP/1.1" 304 -
::1 - - [14/Apr/2024:08:34:02 +0300] "GET / HTTP/1.1" 200 3518
::1 - - [14/Apr/2024:08:34:02 +0300] "GET /style.css HTTP/1.1" 304 -
::1 - - [14/Apr/2024:08:34:02 +0300] "GET /script.js HTTP/1.1" 200 1354
::1 - - [14/Apr/2024:08:35:15 +0300] "GET / HTTP/1.1" 200 3518
::1 - - [14/Apr/2024:08:35:15 +0300] "GET /style.css HTTP/1.1" 304 -
::1 - - [14/Apr/2024:08:35:15 +0300] "GET /script.js HTTP/1.1" 200 1359
::1 - - [14/Apr/2024:08:37:52 +0300] "GET / HTTP/1.1" 200 3518
::1 - - [14/Apr/2024:08:37:52 +0300] "GET /style.css HTTP/1.1" 304 -
::1 - - [14/Apr/2024:08:37:52 +0300] "GET /script.js HTTP/1.1" 200 1383
::1 - - [14/Apr/2024:08:40:06 +0300] "GET / HTTP/1.1" 200 3518
::1 - - [14/Apr/2024:08:40:06 +0300] "GET /style.css HTTP/1.1" 304 -
::1 - - [14/Apr/2024:08:40:06 +0300] "GET /script.js HTTP/1.1" 200 1383
::1 - - [14/Apr/2024:08:40:24 +0300] "GET / HTTP/1.1" 200 3518
::1 - - [14/Apr/2024:08:40:24 +0300] "GET /script.js HTTP/1.1" 200 1405
::1 - - [14/Apr/2024:08:41:37 +0300] "GET / HTTP/1.1" 200 3518
::1 - - [14/Apr/2024:08:41:37 +0300] "GET /style.css HTTP/1.1" 304 -
::1 - - [14/Apr/2024:08:41:37 +0300] "GET /script.js HTTP/1.1" 200 1421
::1 - - [14/Apr/2024:08:43:36 +0300] "GET / HTTP/1.1" 200 3518
::1 - - [14/Apr/2024:08:43:36 +0300] "GET /style.css HTTP/1.1" 304 -
::1 - - [14/Apr/2024:08:43:36 +0300] "GET /script.js HTTP/1.1" 200 1422
::1 - - [14/Apr/2024:08:44:36 +0300] "-" 408 -
::1 - - [14/Apr/2024:08:47:11 +0300] "GET / HTTP/1.1" 200 3518
::1 - - [14/Apr/2024:08:47:11 +0300] "GET /style.css HTTP/1.1" 304 -
::1 - - [14/Apr/2024:08:47:11 +0300] "GET /script.js HTTP/1.1" 304 -
::1 - - [14/Apr/2024:08:50:22 +0300] "GET / HTTP/1.1" 200 3518
::1 - - [14/Apr/2024:08:50:22 +0300] "GET /style.css HTTP/1.1" 200 1886
::1 - - [14/Apr/2024:08:50:22 +0300] "GET /script.js HTTP/1.1" 304 -
::1 - - [14/Apr/2024:08:50:32 +0300] "GET / HTTP/1.1" 200 3518
::1 - - [14/Apr/2024:08:50:32 +0300] "GET /style.css HTTP/1.1" 200 1897
::1 - - [14/Apr/2024:08:51:40 +0300] "GET / HTTP/1.1" 200 3518
::1 - - [14/Apr/2024:08:51:40 +0300] "GET /style.css HTTP/1.1" 200 1929
::1 - - [14/Apr/2024:08:51:40 +0300] "GET /script.js HTTP/1.1" 304 -
::1 - - [14/Apr/2024:08:51:52 +0300] "GET / HTTP/1.1" 200 3518
::1 - - [14/Apr/2024:08:51:52 +0300] "GET /style.css HTTP/1.1" 200 1929
::1 - - [14/Apr/2024:08:51:52 +0300] "GET / HTTP/1.1" 200 3518
::1 - - [14/Apr/2024:08:51:52 +0300] "GET /style.css HTTP/1.1" 304 -
::1 - - [14/Apr/2024:08:51:53 +0300] "GET / HTTP/1.1" 200 3518
::1 - - [14/Apr/2024:08:51:53 +0300] "GET /style.css HTTP/1.1" 304 -
::1 - - [14/Apr/2024:08:51:53 +0300] "GET / HTTP/1.1" 200 3518
::1 - - [14/Apr/2024:08:51:53 +0300] "GET / HTTP/1.1" 200 3518
::1 - - [14/Apr/2024:08:51:53 +0300] "GET /style.css HTTP/1.1" 304 -
::1 - - [14/Apr/2024:08:52:16 +0300] "GET / HTTP/1.1" 200 3518
::1 - - [14/Apr/2024:08:52:16 +0300] "GET /style.css HTTP/1.1" 200 1948
::1 - - [14/Apr/2024:08:52:30 +0300] "GET / HTTP/1.1" 200 3518
::1 - - [14/Apr/2024:08:52:30 +0300] "GET /style.css HTTP/1.1" 200 1950
::1 - - [14/Apr/2024:08:52:30 +0300] "GET /script.js HTTP/1.1" 304 -
::1 - - [14/Apr/2024:08:52:40 +0300] "GET / HTTP/1.1" 200 3518
::1 - - [14/Apr/2024:08:52:40 +0300] "GET /style.css HTTP/1.1" 200 1950
::1 - - [14/Apr/2024:08:52:41 +0300] "GET / HTTP/1.1" 200 3518
::1 - - [14/Apr/2024:08:52:41 +0300] "GET /style.css HTTP/1.1" 304 -
::1 - - [14/Apr/2024:08:52:49 +0300] "GET / HTTP/1.1" 200 3518
::1 - - [14/Apr/2024:08:52:49 +0300] "GET /style.css HTTP/1.1" 200 1950
::1 - - [14/Apr/2024:08:53:16 +0300] "GET / HTTP/1.1" 200 3518
::1 - - [14/Apr/2024:08:53:16 +0300] "GET /style.css HTTP/1.1" 200 1972
::1 - - [14/Apr/2024:08:53:28 +0300] "GET / HTTP/1.1" 200 3518
::1 - - [14/Apr/2024:08:53:28 +0300] "GET /style.css HTTP/1.1" 200 1972
::1 - - [14/Apr/2024:08:53:28 +0300] "GET /script.js HTTP/1.1" 304 -
::1 - - [14/Apr/2024:08:55:54 +0300] "GET / HTTP/1.1" 200 3518
::1 - - [14/Apr/2024:08:55:54 +0300] "GET /style.css HTTP/1.1" 304 -
::1 - - [14/Apr/2024:08:55:54 +0300] "GET /script.js HTTP/1.1" 304 -
::1 - - [14/Apr/2024:09:17:24 +0300] "GET / HTTP/1.1" 200 3499
::1 - - [14/Apr/2024:09:17:24 +0300] "GET /style.css HTTP/1.1" 200 2005
::1 - - [14/Apr/2024:09:17:24 +0300] "GET /script.js HTTP/1.1" 304 -
::1 - - [14/Apr/2024:09:17:49 +0300] "GET / HTTP/1.1" 200 3499
::1 - - [14/Apr/2024:09:17:49 +0300] "GET /style.css HTTP/1.1" 200 2006
::1 - - [14/Apr/2024:09:17:55 +0300] "GET / HTTP/1.1" 200 3499
::1 - - [14/Apr/2024:09:17:55 +0300] "GET /style.css HTTP/1.1" 200 1976
::1 - - [14/Apr/2024:15:47:33 +0300] "GET / HTTP/1.1" 200 3518
::1 - - [14/Apr/2024:15:47:33 +0300] "GET /style.css HTTP/1.1" 304 -
::1 - - [14/Apr/2024:15:47:33 +0300] "GET /script.js HTTP/1.1" 304 -
::1 - - [14/Apr/2024:15:47:33 +0300] "GET /backgrounds/main.jpg HTTP/1.1" 304 -
::1 - - [14/Apr/2024:15:47:47 +0300] "GET /fonts/Montekky_Font4You.ttf HTTP/1.1" 304 -
::1 - - [14/Apr/2024:15:47:51 +0300] "GET /fonts/Eskal_Font4You.ttf HTTP/1.1" 304 -
::1 - - [14/Apr/2024:15:47:53 +0300] "GET /fonts/Lorenco_Font4You.ttf HTTP/1.1" 304 -
::1 - - [14/Apr/2024:15:47:55 +0300] "GET /fonts/Abram_Font4You.ttf HTTP/1.1" 304 -
::1 - - [14/Apr/2024:15:48:01 +0300] "GET /fonts/Benvolio_Font4You.ttf HTTP/1.1" 304 -
::1 - - [14/Apr/2024:15:52:37 +0300] "GET / HTTP/1.1" 200 3533
::1 - - [14/Apr/2024:15:55:31 +0300] "GET / HTTP/1.1" 200 3533
::1 - - [14/Apr/2024:16:04:34 +0300] "GET / HTTP/1.1" 200 3533
::1 - - [14/Apr/2024:16:06:35 +0300] "GET / HTTP/1.1" 200 3533
::1 - - [14/Apr/2024:16:07:16 +0300] "GET / HTTP/1.1" 200 3533
::1 - - [14/Apr/2024:16:08:07 +0300] "GET / HTTP/1.1" 200 3533
::1 - - [14/Apr/2024:16:10:08 +0300] "GET / HTTP/1.1" 200 3533
::1 - - [14/Apr/2024:16:10:18 +0300] "GET / HTTP/1.1" 200 3533
::1 - - [14/Apr/2024:16:10:18 +0300] "GET / HTTP/1.1" 200 3533
::1 - - [14/Apr/2024:16:10:19 +0300] "GET / HTTP/1.1" 200 3533
::1 - - [14/Apr/2024:16:10:19 +0300] "GET / HTTP/1.1" 200 3533
::1 - - [15/Apr/2024:08:32:25 +0300] "GET /favicon.ico HTTP/1.1" 404 196
::1 - - [16/Apr/2024:09:42:26 +0300] "GET /favicon.ico HTTP/1.1" 404 196
::1 - - [16/Apr/2024:10:44:28 +0300] "GET /news1.jpg HTTP/1.1" 404 196
::1 - - [16/Apr/2024:10:44:28 +0300] "GET /news2.jpg HTTP/1.1" 404 196
::1 - - [16/Apr/2024:10:44:29 +0300] "GET /favicon.ico HTTP/1.1" 404 196
::1 - - [16/Apr/2024:20:49:04 +0300] "GET / HTTP/1.1" 200 3533
::1 - - [16/Apr/2024:20:49:04 +0300] "GET /style.css HTTP/1.1" 200 1992
::1 - - [16/Apr/2024:20:49:04 +0300] "GET /script.js HTTP/1.1" 200 1787
::1 - - [16/Apr/2024:20:49:04 +0300] "GET /backgrounds/main.jpg HTTP/1.1" 200 936494
::1 - - [16/Apr/2024:20:49:05 +0300] "GET /favicon.ico HTTP/1.1" 404 196
::1 - - [16/Apr/2024:20:49:49 +0300] "GET / HTTP/1.1" 200 3533
::1 - - [16/Apr/2024:20:49:50 +0300] "GET / HTTP/1.1" 200 3533
::1 - - [16/Apr/2024:20:49:50 +0300] "GET / HTTP/1.1" 200 3533
::1 - - [16/Apr/2024:20:49:50 +0300] "GET / HTTP/1.1" 200 3533
::1 - - [16/Apr/2024:20:49:51 +0300] "GET / HTTP/1.1" 200 3533
::1 - - [16/Apr/2024:20:49:51 +0300] "GET / HTTP/1.1" 200 3533
::1 - - [16/Apr/2024:20:49:51 +0300] "GET / HTTP/1.1" 200 3533
